\BOOKMARK [1][-]{section.1}{\376\377\000M\000H\000A\000,\000\040\000i\000t\000s\000\040\000N\000o\000t\000a\000t\000i\000o\000n\000s\000\040\000a\000n\000d\000\040\000a\000n\000\040\000I\000n\000t\000r\000o\000d\000u\000c\000t\000i\000o\000n}{}% 1
\BOOKMARK [2][-]{subsection.1.1}{\376\377\000R\000a\000n\000g\000e\000\040\000o\000f\000\040\000e\000x\000p\000\050\000b\000o\000l\000d\0000\000m\000u\000\040\000m\000u\000m\000u\000\040\000Q\000Q\000p\000r\000o\000g\000r\000a\000m\000@\000e\000p\000s\000t\000o\000p\000d\000f\000Q\000Q\000Q\000Q\0000\000b\000o\000l\000d\0000\000m\000u\000\040\000m\000u\000m\000u\000\040\000K\000K\000p\000r\000o\000g\000r\000a\000m\000@\000e\000p\000s\000t\000o\000p\000d\000f\000K\000K\000K\000K\000j\000\051}{section.1}% 2
\BOOKMARK [2][-]{subsection.1.2}{\376\377\000T\000h\000e\000\040\000i\000d\000e\000n\000t\000i\000t\000y\000\040\000e\000l\000e\000m\000e\000n\000t\000\040\000i\000n\000\040\000S\000m\000a\000x\000\050\000b\000o\000l\000d\0000\000m\000u\000\040\000m\000u\000m\000u\000\040\000M\000M\000p\000r\000o\000g\000r\000a\000m\000@\000e\000p\000s\000t\000o\000p\000d\000f\000M\000M\000M\000M\000\051}{section.1}% 3
\BOOKMARK [1][-]{section.2}{\376\377\000M\000H\000A\000,\000\040\000B\000l\000o\000c\000k\000e\000d\000\040\000a\000n\000d\000\040\000I\000t\000e\000r\000a\000t\000i\000v\000e\000\040\000M\000e\000t\000h\000o\000d}{}% 4
\BOOKMARK [2][-]{subsection.2.1}{\376\377\000I\000m\000p\000l\000e\000m\000e\000n\000t\000a\000t\000i\000o\000n\000\040\000o\000f\000\040\000t\000h\000e\000\040\000h\000e\000a\000d}{section.2}% 5
\BOOKMARK [2][-]{subsection.2.2}{\376\377\000T\000h\000e\000\040\000c\000u\000r\000i\000o\000u\000s\000\040\000c\000a\000s\000e\000\040\000o\000f\000\040\000t\000h\000e\000\040\000p\000r\000o\000b\000l\000e\000m\000\040\000s\000i\000z\000e\000\040\000l\000=\0007\0007\000\040\000a\000n\000d\000\040\000L\000=\0007\0006\0008}{section.2}% 6
\BOOKMARK [1][-]{section.3}{\376\377\000G\000E\000M\000M\000\040\000t\000h\000e\000\040\000a\000c\000k\000w\000a\000r\000d\000\040\000t\000r\000a\000n\000s\000p\000o\000s\000e\000\040\000c\000o\000m\000p\000u\000t\000a\000t\000i\000o\000n}{}% 7
\BOOKMARK [2][-]{subsection.3.1}{\376\377\000S\000u\000b\000-\000V\000o\000l\000u\000m\000e}{section.3}% 8
\BOOKMARK [3][-]{subsubsection.3.1.1}{\376\377\000T\000r\000a\000n\000s\000p\000o\000s\000e\000\040\000A\000l\000g\000o\000r\000i\000t\000h\000m}{subsection.3.1}% 9
\BOOKMARK [3][-]{subsubsection.3.1.2}{\376\377\000D\000i\000f\000f\000e\000r\000e\000n\000t\000\040\000s\000i\000z\000e\000s\000:\000\040\000i\000n\000t\0001\0006}{subsection.3.1}% 10
\BOOKMARK [2][-]{subsection.3.2}{\376\377\000M\000e\000m\000-\000t\000i\000l\000e\000s\000\040\000a\000n\000d\000\040\000t\000h\000e\000\040\000c\000a\000s\000e\000\040\000A\000=\0005\0001\0002\0007\0006\0008\000\040\000B\000=\0007\0006\0008\0007\0006\0008\000\040}{section.3}% 11
\BOOKMARK [2][-]{subsection.3.3}{\376\377\000M\000e\000m\000-\000t\000i\000l\000e\000s\000\040\000a\000n\000d\000\040\000t\000h\000e\000\040\000c\000a\000s\000e\000\040\000i\000n\000t\0001\0006\000\040\000A\000=\0005\0001\0002\0007\0006\0008\000\040\000B\000=\0007\0006\0008\0007\0006\0008\000\040}{section.3}% 12
\BOOKMARK [2][-]{subsection.3.4}{\376\377\000M\000e\000m\000-\000t\000i\000l\000e\000s\000\040\000a\000n\000d\000\040\000t\000h\000e\000\040\000c\000a\000s\000e\000\040\000A\000=\0005\0001\0002\0007\0006\0008\000\040\000B\000=\0007\0006\0008\0007\0006\0008\000*\0004\000\040}{section.3}% 13
\BOOKMARK [2][-]{subsection.3.5}{\376\377\000M\000e\000m\000-\000t\000i\000l\000e\000s\000\040\000a\000n\000d\000\040\000t\000h\000e\000\040\000c\000a\000s\000e\000\040\000A\000=\0005\0001\0002\0007\0006\0008\000*\0004\000\040\000B\000=\0007\0006\0008\000*\0004\000\040\0007\0006\0008\000\040}{section.3}% 14
\BOOKMARK [1][-]{section.4}{\376\377\000G\000E\000M\000M\000\040\000T\000i\000l\000e\000s\000\040\000G\000e\000n\000e\000r\000a\000t\000o\000r}{}% 15
\BOOKMARK [2][-]{subsection.4.1}{\376\377\000D\000o\000u\000b\000l\000e\000\040\000B\000u\000f\000f\000e\000r\000i\000n\000g\000\040\000a\000k\000a\000\040\000D\000B}{section.4}% 16
\BOOKMARK [1][-]{section.5}{\376\377\000S\000o\000l\000u\000t\000i\000o\000n\000\040\000s\000p\000a\000c\000e\000\040\000a\000n\000d\000\040\000i\000t\000s\000\040\000e\000x\000p\000l\000o\000r\000a\000t\000i\000o\000n}{}% 17
\BOOKMARK [2][-]{subsection.5.1}{\376\377\000G\000E\000M\000M}{section.5}% 18
\BOOKMARK [2][-]{subsection.5.2}{\376\377\000M\000H\000A}{section.5}% 19
\BOOKMARK [2][-]{subsection.5.3}{\376\377\000L\000a\000y\000e\000r\000\040\000N\000o\000r\000m}{section.5}% 20
\BOOKMARK [2][-]{subsection.5.4}{\376\377\000C\000o\000n\000v\000o\000l\000u\000t\000i\000o\000n}{section.5}% 21
